[23:31:33] [ServerMain/INFO]: Environment: Environment[sessionHost=https://sessionserver.mojang.com, servicesHost=https://api.minecraftservices.com, name=PROD]
[23:31:35] [ServerMain/INFO]: Loaded 1290 recipes
[23:31:35] [ServerMain/INFO]: Loaded 1399 advancements
[23:31:36] [Server thread/INFO]: Starting minecraft server version 1.21.1
[23:31:36] [Server thread/INFO]: Loading properties
[23:31:36] [Server thread/INFO]: Default game type: SURVIVAL
[23:31:36] [Server thread/INFO]: Generating keypair
[23:31:36] [Server thread/INFO]: Starting Minecraft server on *:25565
[23:31:36] [Server thread/INFO]: Using epoll channel type
[23:31:36] [Server thread/WARN]: **** SERVER IS RUNNING IN OFFLINE/INSECURE MODE!
[23:31:36] [Server thread/WARN]: The server will make no attempt to authenticate usernames. Beware.
[23:31:36] [Server thread/WARN]: While this makes the game possible to play without internet access, it also opens up the ability for hackers to connect with any username they choose.
[23:31:36] [Server thread/WARN]: To change this, set "online-mode" to "true" in the server.properties file.
[23:31:36] [Server thread/INFO]: Preparing level "world"
[23:31:38] [Server thread/INFO]: Preparing start region for dimension minecraft:overworld
[23:31:39] [Worker-Main-2/INFO]: Preparing spawn area: 0%
[23:31:39] [Server thread/INFO]: Time elapsed: 467 ms
[23:31:39] [Server thread/INFO]: Done (2.961s)! For help, type "help"
[23:32:07] [Server thread/INFO]: Stopping the server
[23:32:07] [Server thread/INFO]: Stopping server
[23:32:07] [Server thread/INFO]: Saving players
[23:32:07] [Server thread/INFO]: Saving worlds
[23:32:07] [Server thread/INFO]: Saving chunks for level 'ServerLevel[world]'/minecraft:overworld
[23:32:07] [Server thread/INFO]: Saving chunks for level 'ServerLevel[world]'/minecraft:the_end
[23:32:07] [Server thread/INFO]: Saving chunks for level 'ServerLevel[world]'/minecraft:the_nether
[23:32:07] [Server thread/INFO]: ThreadedAnvilChunkStorage (world): All chunks are saved
[23:32:07] [Server thread/INFO]: ThreadedAnvilChunkStorage (DIM1): All chunks are saved
[23:32:07] [Server thread/INFO]: ThreadedAnvilChunkStorage (DIM-1): All chunks are saved
[23:32:07] [Server thread/INFO]: ThreadedAnvilChunkStorage: All dimensions are saved
